
****************************************************************
****************************************************************
**                                                            **
**                                                            **
**        CCC     OO      SSS    M    M     OO      SSS       **
**       C       O  O    S       MM  MM    O  O    S          **
**       C       O  O     SS     M MM M    O  O     SS        **
**       C       O  O       S    M    M    O  O       S       **
**        CCC     OO     SSS     M    M     OO     SSS        **
**                                                            **
**                                                            **
**             SOLIDWORKS Simulation 2024 SP0                 **
**                 Simulation Premium Package                 **
**           Distributed By: SOLIDWORKS Corporation           **
**               21255 Burbank Blvd Suite 400                 **
**               Woodland Hills, California 91367             **
**               Telephone Number (774)556-3100               **
**         Copyright 1988-2018 SOLIDWORKS Corporation         **
**                                                            **
****************************************************************
****************************************************************

Problem name: D:\GitHub_Repositories\Pinaka\16
Date        : 12/27/2024     Time:   02:56:06


 SYSTEM OF UNITS:
 International System of Units, SI, is used for all input/output data.
 Common Quantities:
 Length:meter, Mass:kilogram, Time:second, Temperature:kelvin
 Force:newton, Pressure also stress:pascal, Energy:joule, Power:watt

 NUMBER OF PHYSICAL CORES USED TO RUN SIMULATION:  8

  C O N T R O L  I N F O R M A T I O N                  

   CURRENT RESTRAINT SET . . . . . . . . . . . (BC_SET)  =           1

   NUMBER OF LOAD CASES  . . . . . . . . . . . (NLCASE)  =           1
   SOLUTION MODE . . . . . . . . . . . . . . . (MODEX)   =           1
      EQ. 0, STATIC ANALYSIS                              
      EQ. 1, BUCKLING ANALYSIS                            
      EQ. 2, DYNAMIC ANALYSIS                             
      EQ. 3, DROP TEST                                    

   SOLVER TYPE . . . . . . . . . . . . . . . . .(ISOL)   =           5
      EQ. 0, DIRECT SPARSE SOLVER                         
      EQ. 1, DIRECT SKYLINE SOLVER                        
      EQ. 2, ITERATIVE SOLVER                             
      EQ. 3, EXPLICIT INTEGRATION                         
      EQ. 4, LARGE PROBLEM DIRECT SPARSE SOLVER           
      EQ. 5, INTEL DIRECT SPARSE SOLVER                   
      EQ. 6, INTEL NETWORK SPARSE SOLVER                  
      EQ. 7, SINGULAR VALUE DECOMPOSTION (SVD)            

   THERMAL LOADING FLAG . . . . . . . . . . . .(ITHERM)  =           1
      EQ. 0, NO THERMAL EFFECTS CONSIDERED                
      EQ. 1, ADD TEMPERATURE EFFECT                       
   GRAVITY LOADING FLAG . . . . . . . . . . . .(IGRAV)   =           0
      EQ. 0, NO GRAVITY LOADING CONSIDERED                
      EQ. 1, ADD GRAVITY LOADING EFFECT                   
   CENTRIFUGAL LOADING FLAG . . . . . . . . . .(ICNTRF)  =           0
      EQ. 0, NO CENTRIFUGAL LOADING CONSIDERED            
      EQ. 1, ADD CENTRIFUGAL LOADING EFFECT               
   IN-PLANE STIFFENING FLAG . . . . . . . . . .(INPLN)   =           0
      EQ. 0, NO IN-PLANE EFFECTS CONSIDERED               
      EQ. 1, IN-PLANE EFFECTS CONSIDERED                  
   SOFT SPRING ADDITION FLAG . . . . . . . . . (ISOFT)   =           0
      EQ. 0, NO SOFT SPRING OPTION                        
      EQ. 1, SOFT SPRING ADDED                            

   SAVE DECOMPOSED STIFFNESS MATRIX FLAG . . . (ISAVK)   =           0
      EQ. 0, DO NOT SAVE DECOMPOSED K                     
      EQ. 1, SAVE DECOMPOSED K                            
   FORM STIFFNESS MATRIX FLAG . . . . . . . . .(IFORMK)  =           0
      EQ. 0, FORM STIFFNESS MATRIX                        
      EQ. 1, USE EXISTING DECOMPOSED STIFFNESS MATRIX     

   SPIN SOFTENING FLAG . . . . . . . . . . . . (ISPIN)   =           0
      EQ. 0, NO SPIN SOFTENING EFFECTS CONSIDERED         
      EQ. 1, SPIN SOFTENING EFFECTS CONSIDERED            
   INERTIA RELIEF FLAG  . . . . . . . . . . . .(IFORMK)  =           0
      EQ. 0, NO INERITA RELIEF EFFECTS CONSIDERED         
      EQ. 1, INERITA RELIEF EFFECTS CONSIDERED            
   RIGID CONNECTIONS FLAG  . . . . . . . . . . (IRIGID)  =           0
      EQ. 0, HINGE CONNECTIONS BETWEEN SOLIDS & SHELLS    
      EQ. 1, RIGID CONNECTIONS BETWEEN SOLIDS & SHELLS    


  T O T A L  S Y S T E M  D A T A                        
   NUMBER OF EQUATIONS . . . . . . . . . . . . . .(NEQ)  =      420513
   MEAN HALF BANDWIDTH . . . . . . . . . . . . . .(MM )  =         104
   NUMBER OF ELEMENTS. . . . . . . . . . . . . . .(NUME) =       90095
   NUMBER OF NODAL POINTS. . . . . . . . . . . . .(NUMNP)=      139962

  I N T E R A C T I O N  D A T A                         
   SURFACE-TO-SURFACE BONDING ALGORITHM . . . .(INTRBALG)=           1
      EQ. 0, STANDARD                                     
      EQ. 1, ADVANCED                                     

   ORIGINAL NO. OF MATRIX ELEMENTS . . . . . . . .(NWK)  =    16206070




************************************************************************
    D I S P L A C E M E N T     P R I N T O U T    (LOAD CASE     1)
************************************************************************




************************************************************************
    D I S P L A C E M E N T     P R I N T O U T    (LOAD CASE     1)
************************************************************************


  STATUS OF THERMAL EFFECTS FOR THIS LOAD CASE:
  ---------------------------------------------

    - User Prescribed Nodal Temperatures


     ITERATION  NUMBER     1

***ERROR /SOLUTION STOP
   MATRICES NOT POSITIVE DEFINITE.
 II=   5  A(II)=  -0.500695149053E-04  B(II)=  0.231950314246E-04
 THE PROBLEM IS NUMERICALY UNSTABLE.TURNING ON THE SHIFT FLAG (SHIFT FLAG=1)
 MAY SOLVE THE PROBLEM.
     The structure may be partly in compression and partly 
     in tension in which case rerun using inverse power method
   MAXIMUM MEMORY USED IN MEGABYTES . . . . . . (MAXMB)  =        3007

